<?xml version="1.0" encoding="UTF-8"?>
<coverage generated="1531665717304" clover="3.2.0">
  <project timestamp="1531665717304" name="All files">
    <metrics statements="53" coveredstatements="0" conditionals="6" coveredconditionals="0" methods="28" coveredmethods="0" elements="87" coveredelements="0" complexity="0" loc="53" ncloc="53" packages="5" files="9" classes="9">
      <package name="components">
        <metrics statements="1" coveredstatements="0" conditionals="0" coveredconditionals="0" methods="1" coveredmethods="0"/>
        <file name="Main.vue" path="D:\NodeJS projects\the-teachers\the-teachers\client\src\components\Main.vue">
          <metrics statements="1" coveredstatements="0" conditionals="0" coveredconditionals="0" methods="1" coveredmethods="0"/>
          <line num="12" count="0" type="stmt"/>
        </file>
      </package>
      <package name="components.Product">
        <metrics statements="34" coveredstatements="0" conditionals="6" coveredconditionals="0" methods="17" coveredmethods="0"/>
        <file name="Products.vue" path="D:\NodeJS projects\the-teachers\the-teachers\client\src\components\Product\Products.vue">
          <metrics statements="14" coveredstatements="0" conditionals="2" coveredconditionals="0" methods="8" coveredmethods="0"/>
          <line num="34" count="0" type="stmt"/>
          <line num="36" count="0" type="stmt"/>
          <line num="41" count="0" type="stmt"/>
          <line num="45" count="0" type="stmt"/>
          <line num="46" count="0" type="stmt"/>
          <line num="47" count="0" type="cond" truecount="0" falsecount="2"/>
          <line num="48" count="0" type="stmt"/>
          <line num="51" count="0" type="stmt"/>
          <line num="54" count="0" type="stmt"/>
          <line num="57" count="0" type="stmt"/>
          <line num="58" count="0" type="stmt"/>
          <line num="59" count="0" type="stmt"/>
          <line num="63" count="0" type="stmt"/>
          <line num="64" count="0" type="stmt"/>
        </file>
        <file name="newProduct.vue" path="D:\NodeJS projects\the-teachers\the-teachers\client\src\components\Product\newProduct.vue">
          <metrics statements="11" coveredstatements="0" conditionals="0" coveredconditionals="0" methods="5" coveredmethods="0"/>
          <line num="31" count="0" type="stmt"/>
          <line num="32" count="0" type="stmt"/>
          <line num="33" count="0" type="stmt"/>
          <line num="38" count="0" type="stmt"/>
          <line num="46" count="0" type="stmt"/>
          <line num="50" count="0" type="stmt"/>
          <line num="56" count="0" type="stmt"/>
          <line num="57" count="0" type="stmt"/>
          <line num="59" count="0" type="stmt"/>
          <line num="60" count="0" type="stmt"/>
          <line num="61" count="0" type="stmt"/>
        </file>
        <file name="viewProduct.vue" path="D:\NodeJS projects\the-teachers\the-teachers\client\src\components\Product\viewProduct.vue">
          <metrics statements="9" coveredstatements="0" conditionals="4" coveredconditionals="0" methods="4" coveredmethods="0"/>
          <line num="12" count="0" type="stmt"/>
          <line num="13" count="0" type="stmt"/>
          <line num="16" count="0" type="stmt"/>
          <line num="19" count="0" type="stmt"/>
          <line num="20" count="0" type="stmt"/>
          <line num="21" count="0" type="cond" truecount="0" falsecount="2"/>
          <line num="22" count="0" type="stmt"/>
          <line num="28" count="0" type="cond" truecount="0" falsecount="2"/>
          <line num="29" count="0" type="stmt"/>
        </file>
      </package>
      <package name="components.ProductType">
        <metrics statements="7" coveredstatements="0" conditionals="0" coveredconditionals="0" methods="4" coveredmethods="0"/>
        <file name="ProductTypes.vue" path="D:\NodeJS projects\the-teachers\the-teachers\client\src\components\ProductType\ProductTypes.vue">
          <metrics statements="7" coveredstatements="0" conditionals="0" coveredconditionals="0" methods="4" coveredmethods="0"/>
          <line num="24" count="0" type="stmt"/>
          <line num="25" count="0" type="stmt"/>
          <line num="28" count="0" type="stmt"/>
          <line num="33" count="0" type="stmt"/>
          <line num="37" count="0" type="stmt"/>
          <line num="38" count="0" type="stmt"/>
          <line num="39" count="0" type="stmt"/>
        </file>
      </package>
      <package name="eventBus">
        <metrics statements="1" coveredstatements="0" conditionals="0" coveredconditionals="0" methods="0" coveredmethods="0"/>
        <file name="eventBus.js" path="D:\NodeJS projects\the-teachers\the-teachers\client\src\eventBus\eventBus.js">
          <metrics statements="1" coveredstatements="0" conditionals="0" coveredconditionals="0" methods="0" coveredmethods="0"/>
          <line num="1" count="0" type="stmt"/>
        </file>
      </package>
      <package name="services">
        <metrics statements="10" coveredstatements="0" conditionals="0" coveredconditionals="0" methods="6" coveredmethods="0"/>
        <file name="API.js" path="D:\NodeJS projects\the-teachers\the-teachers\client\src\services\API.js">
          <metrics statements="2" coveredstatements="0" conditionals="0" coveredconditionals="0" methods="0" coveredmethods="0"/>
          <line num="1" count="0" type="stmt"/>
          <line num="5" count="0" type="stmt"/>
        </file>
        <file name="ProductService.js" path="D:\NodeJS projects\the-teachers\the-teachers\client\src\services\ProductService.js">
          <metrics statements="5" coveredstatements="0" conditionals="0" coveredconditionals="0" methods="4" coveredmethods="0"/>
          <line num="1" count="0" type="stmt"/>
          <line num="6" count="0" type="stmt"/>
          <line num="9" count="0" type="stmt"/>
          <line num="12" count="0" type="stmt"/>
          <line num="15" count="0" type="stmt"/>
        </file>
        <file name="ProductTypeService.js" path="D:\NodeJS projects\the-teachers\the-teachers\client\src\services\ProductTypeService.js">
          <metrics statements="3" coveredstatements="0" conditionals="0" coveredconditionals="0" methods="2" coveredmethods="0"/>
          <line num="1" count="0" type="stmt"/>
          <line num="6" count="0" type="stmt"/>
          <line num="9" count="0" type="stmt"/>
        </file>
      </package>
    </metrics>
  </project>
</coverage>
