{"D:\\NodeJS projects\\the-teachers\\the-teachers\\client\\src\\components\\Main.vue": {"path":"D:\\NodeJS projects\\the-teachers\\the-teachers\\client\\src\\components\\Main.vue","statementMap":{"0":{"start":{"line":12,"column":0},"end":{"line":null,"column":-1}}},"fnMap":{"0":{"name":"data","decl":{"start":{"line":11,"column":0},"end":{"line":null,"column":-1}},"loc":{"start":{"line":11,"column":0},"end":{"line":15,"column":0}}}},"branchMap":{},"s":{"0":0},"f":{"0":0},"b":{}}
,"D:\\NodeJS projects\\the-teachers\\the-teachers\\client\\src\\components\\Product\\Products.vue": {"path":"D:\\NodeJS projects\\the-teachers\\the-teachers\\client\\src\\components\\Product\\Products.vue","statementMap":{"0":{"start":{"line":36,"column":0},"end":{"line":null,"column":-1}},"1":{"start":{"line":34,"column":0},"end":{"line":null,"column":-1}},"2":{"start":{"line":41,"column":0},"end":{"line":null,"column":-1}},"3":{"start":{"line":45,"column":0},"end":{"line":null,"column":-1}},"4":{"start":{"line":46,"column":0},"end":{"line":50,"column":0}},"5":{"start":{"line":47,"column":0},"end":{"line":49,"column":0}},"6":{"start":{"line":48,"column":0},"end":{"line":null,"column":-1}},"7":{"start":{"line":51,"column":0},"end":{"line":null,"column":-1}},"8":{"start":{"line":54,"column":0},"end":{"line":null,"column":-1}},"9":{"start":{"line":57,"column":0},"end":{"line":null,"column":-1}},"10":{"start":{"line":58,"column":0},"end":{"line":59,"column":0}},"11":{"start":{"line":59,"column":0},"end":{"line":null,"column":-1}},"12":{"start":{"line":63,"column":0},"end":{"line":64,"column":0}},"13":{"start":{"line":64,"column":0},"end":{"line":null,"column":-1}}},"fnMap":{"0":{"name":"data","decl":{"start":{"line":40,"column":0},"end":{"line":null,"column":-1}},"loc":{"start":{"line":40,"column":0},"end":{"line":44,"column":0}}},"1":{"name":"created","decl":{"start":{"line":45,"column":0},"end":{"line":null,"column":-1}},"loc":{"start":{"line":45,"column":0},"end":{"line":52,"column":0}}},"2":{"name":"(anonymous_4)","decl":{"start":{"line":46,"column":0},"end":{"line":null,"column":-1}},"loc":{"start":{"line":46,"column":0},"end":{"line":50,"column":0}}},"3":{"name":"mounted","decl":{"start":{"line":53,"column":0},"end":{"line":null,"column":-1}},"loc":{"start":{"line":53,"column":0},"end":{"line":55,"column":0}}},"4":{"name":"getProducts","decl":{"start":{"line":57,"column":0},"end":{"line":null,"column":-1}},"loc":{"start":{"line":57,"column":0},"end":{"line":61,"column":0}}},"5":{"name":"(anonymous_7)","decl":{"start":{"line":58,"column":0},"end":{"line":null,"column":-1}},"loc":{"start":{"line":58,"column":0},"end":{"line":59,"column":0}}},"6":{"name":"viewProduct","decl":{"start":{"line":62,"column":0},"end":{"line":null,"column":-1}},"loc":{"start":{"line":62,"column":0},"end":{"line":66,"column":0}}},"7":{"name":"(anonymous_9)","decl":{"start":{"line":63,"column":0},"end":{"line":null,"column":-1}},"loc":{"start":{"line":63,"column":0},"end":{"line":64,"column":0}}}},"branchMap":{"0":{"loc":{"start":{"line":47,"column":0},"end":{"line":49,"column":0}},"type":"if","locations":[{"start":{"line":47,"column":0},"end":{"line":49,"column":0}},{"start":{"line":47,"column":0},"end":{"line":49,"column":0}}]}},"s":{"0":0,"1":0,"2":0,"3":0,"4":0,"5":0,"6":0,"7":0,"8":0,"9":0,"10":0,"11":0,"12":0,"13":0},"f":{"0":0,"1":0,"2":0,"3":0,"4":0,"5":0,"6":0,"7":0},"b":{"0":[0,0]}}
,"D:\\NodeJS projects\\the-teachers\\the-teachers\\client\\src\\components\\Product\\newProduct.vue": {"path":"D:\\NodeJS projects\\the-teachers\\the-teachers\\client\\src\\components\\Product\\newProduct.vue","statementMap":{"0":{"start":{"line":33,"column":0},"end":{"line":null,"column":-1}},"1":{"start":{"line":31,"column":0},"end":{"line":null,"column":-1}},"2":{"start":{"line":32,"column":0},"end":{"line":null,"column":-1}},"3":{"start":{"line":38,"column":0},"end":{"line":null,"column":-1}},"4":{"start":{"line":46,"column":0},"end":{"line":null,"column":-1}},"5":{"start":{"line":50,"column":0},"end":{"line":null,"column":-1}},"6":{"start":{"line":56,"column":0},"end":{"line":null,"column":-1}},"7":{"start":{"line":57,"column":0},"end":{"line":null,"column":-1}},"8":{"start":{"line":59,"column":0},"end":{"line":null,"column":-1}},"9":{"start":{"line":60,"column":0},"end":{"line":61,"column":0}},"10":{"start":{"line":61,"column":0},"end":{"line":null,"column":-1}}},"fnMap":{"0":{"name":"data","decl":{"start":{"line":37,"column":0},"end":{"line":null,"column":-1}},"loc":{"start":{"line":37,"column":0},"end":{"line":44,"column":0}}},"1":{"name":"mounted","decl":{"start":{"line":45,"column":0},"end":{"line":null,"column":-1}},"loc":{"start":{"line":45,"column":0},"end":{"line":47,"column":0}}},"2":{"name":"addProduct","decl":{"start":{"line":49,"column":0},"end":{"line":null,"column":-1}},"loc":{"start":{"line":49,"column":0},"end":{"line":58,"column":0}}},"3":{"name":"getType","decl":{"start":{"line":59,"column":0},"end":{"line":null,"column":-1}},"loc":{"start":{"line":59,"column":0},"end":{"line":63,"column":0}}},"4":{"name":"(anonymous_6)","decl":{"start":{"line":60,"column":0},"end":{"line":null,"column":-1}},"loc":{"start":{"line":60,"column":0},"end":{"line":61,"column":0}}}},"branchMap":{},"s":{"0":0,"1":0,"2":0,"3":0,"4":0,"5":0,"6":0,"7":0,"8":0,"9":0,"10":0},"f":{"0":0,"1":0,"2":0,"3":0,"4":0},"b":{}}
,"D:\\NodeJS projects\\the-teachers\\the-teachers\\client\\src\\components\\Product\\viewProduct.vue": {"path":"D:\\NodeJS projects\\the-teachers\\the-teachers\\client\\src\\components\\Product\\viewProduct.vue","statementMap":{"0":{"start":{"line":13,"column":0},"end":{"line":null,"column":-1}},"1":{"start":{"line":12,"column":0},"end":{"line":null,"column":-1}},"2":{"start":{"line":16,"column":0},"end":{"line":null,"column":-1}},"3":{"start":{"line":19,"column":0},"end":{"line":null,"column":-1}},"4":{"start":{"line":20,"column":0},"end":{"line":24,"column":0}},"5":{"start":{"line":21,"column":0},"end":{"line":23,"column":0}},"6":{"start":{"line":22,"column":0},"end":{"line":null,"column":-1}},"7":{"start":{"line":28,"column":0},"end":{"line":30,"column":0}},"8":{"start":{"line":29,"column":0},"end":{"line":null,"column":-1}}},"fnMap":{"0":{"name":"data","decl":{"start":{"line":15,"column":0},"end":{"line":null,"column":-1}},"loc":{"start":{"line":15,"column":0},"end":{"line":19,"column":0}}},"1":{"name":"created","decl":{"start":{"line":19,"column":0},"end":{"line":null,"column":-1}},"loc":{"start":{"line":19,"column":0},"end":{"line":25,"column":0}}},"2":{"name":"(anonymous_4)","decl":{"start":{"line":20,"column":0},"end":{"line":null,"column":-1}},"loc":{"start":{"line":20,"column":0},"end":{"line":24,"column":0}}},"3":{"name":"deleteProduct","decl":{"start":{"line":27,"column":0},"end":{"line":null,"column":-1}},"loc":{"start":{"line":27,"column":0},"end":{"line":31,"column":0}}}},"branchMap":{"0":{"loc":{"start":{"line":21,"column":0},"end":{"line":23,"column":0}},"type":"if","locations":[{"start":{"line":21,"column":0},"end":{"line":23,"column":0}},{"start":{"line":21,"column":0},"end":{"line":23,"column":0}}]},"1":{"loc":{"start":{"line":28,"column":0},"end":{"line":30,"column":0}},"type":"if","locations":[{"start":{"line":28,"column":0},"end":{"line":30,"column":0}},{"start":{"line":28,"column":0},"end":{"line":30,"column":0}}]}},"s":{"0":0,"1":0,"2":0,"3":0,"4":0,"5":0,"6":0,"7":0,"8":0},"f":{"0":0,"1":0,"2":0,"3":0},"b":{"0":[0,0],"1":[0,0]}}
,"D:\\NodeJS projects\\the-teachers\\the-teachers\\client\\src\\components\\ProductType\\ProductTypes.vue": {"path":"D:\\NodeJS projects\\the-teachers\\the-teachers\\client\\src\\components\\ProductType\\ProductTypes.vue","statementMap":{"0":{"start":{"line":25,"column":0},"end":{"line":null,"column":-1}},"1":{"start":{"line":24,"column":0},"end":{"line":null,"column":-1}},"2":{"start":{"line":28,"column":0},"end":{"line":null,"column":-1}},"3":{"start":{"line":33,"column":0},"end":{"line":null,"column":-1}},"4":{"start":{"line":37,"column":0},"end":{"line":null,"column":-1}},"5":{"start":{"line":38,"column":0},"end":{"line":39,"column":0}},"6":{"start":{"line":39,"column":0},"end":{"line":null,"column":-1}}},"fnMap":{"0":{"name":"data","decl":{"start":{"line":27,"column":0},"end":{"line":null,"column":-1}},"loc":{"start":{"line":27,"column":0},"end":{"line":31,"column":0}}},"1":{"name":"mounted","decl":{"start":{"line":32,"column":0},"end":{"line":null,"column":-1}},"loc":{"start":{"line":32,"column":0},"end":{"line":34,"column":0}}},"2":{"name":"getType","decl":{"start":{"line":37,"column":0},"end":{"line":null,"column":-1}},"loc":{"start":{"line":37,"column":0},"end":{"line":41,"column":0}}},"3":{"name":"(anonymous_5)","decl":{"start":{"line":38,"column":0},"end":{"line":null,"column":-1}},"loc":{"start":{"line":38,"column":0},"end":{"line":39,"column":0}}}},"branchMap":{},"s":{"0":0,"1":0,"2":0,"3":0,"4":0,"5":0,"6":0},"f":{"0":0,"1":0,"2":0,"3":0},"b":{}}
,"D:\\NodeJS projects\\the-teachers\\the-teachers\\client\\src\\eventBus\\eventBus.js": {"path":"D:\\NodeJS projects\\the-teachers\\the-teachers\\client\\src\\eventBus\\eventBus.js","statementMap":{"0":{"start":{"line":1,"column":0},"end":{"line":null,"column":-1}}},"fnMap":{},"branchMap":{},"s":{"0":0},"f":{},"b":{}}
,"D:\\NodeJS projects\\the-teachers\\the-teachers\\client\\src\\services\\API.js": {"path":"D:\\NodeJS projects\\the-teachers\\the-teachers\\client\\src\\services\\API.js","statementMap":{"0":{"start":{"line":1,"column":0},"end":{"line":null,"column":-1}},"1":{"start":{"line":5,"column":4},"end":{"line":null,"column":-1}}},"fnMap":{},"branchMap":{},"s":{"0":0,"1":0},"f":{},"b":{}}
,"D:\\NodeJS projects\\the-teachers\\the-teachers\\client\\src\\services\\ProductService.js": {"path":"D:\\NodeJS projects\\the-teachers\\the-teachers\\client\\src\\services\\ProductService.js","statementMap":{"0":{"start":{"line":1,"column":0},"end":{"line":null,"column":-1}},"1":{"start":{"line":6,"column":8},"end":{"line":null,"column":-1}},"2":{"start":{"line":9,"column":8},"end":{"line":null,"column":-1}},"3":{"start":{"line":12,"column":8},"end":{"line":null,"column":-1}},"4":{"start":{"line":15,"column":8},"end":{"line":null,"column":-1}}},"fnMap":{"0":{"name":"fetchProducts","decl":{"start":{"line":4,"column":15},"end":{"line":5,"column":20}},"loc":{"start":{"line":5,"column":21},"end":{"line":4,"column":15}}},"1":{"name":"addProduct","decl":{"start":{"line":4,"column":15},"end":{"line":8,"column":15}},"loc":{"start":{"line":8,"column":24},"end":{"line":4,"column":15}}},"2":{"name":"viewProduct","decl":{"start":{"line":4,"column":15},"end":{"line":11,"column":15}},"loc":{"start":{"line":11,"column":23},"end":{"line":4,"column":15}}},"3":{"name":"deleteProduct","decl":{"start":{"line":4,"column":15},"end":{"line":14,"column":17}},"loc":{"start":{"line":14,"column":25},"end":{"line":4,"column":15}}}},"branchMap":{},"s":{"0":0,"1":0,"2":0,"3":0,"4":0},"f":{"0":0,"1":0,"2":0,"3":0},"b":{}}
,"D:\\NodeJS projects\\the-teachers\\the-teachers\\client\\src\\services\\ProductTypeService.js": {"path":"D:\\NodeJS projects\\the-teachers\\the-teachers\\client\\src\\services\\ProductTypeService.js","statementMap":{"0":{"start":{"line":1,"column":0},"end":{"line":null,"column":-1}},"1":{"start":{"line":6,"column":8},"end":{"line":null,"column":-1}},"2":{"start":{"line":9,"column":8},"end":{"line":null,"column":-1}}},"fnMap":{"0":{"name":"fetchTypes","decl":{"start":{"line":4,"column":15},"end":{"line":5,"column":16}},"loc":{"start":{"line":5,"column":17},"end":{"line":4,"column":15}}},"1":{"name":"addTypes","decl":{"start":{"line":4,"column":15},"end":{"line":8,"column":12}},"loc":{"start":{"line":8,"column":21},"end":{"line":4,"column":15}}}},"branchMap":{},"s":{"0":0,"1":0,"2":0},"f":{"0":0,"1":0},"b":{}}
}
