TN:
SF:D:\NodeJS projects\the-teachers\the-teachers\client\src\components\Main.vue
FN:11,data
FNF:1
FNH:0
FNDA:0,data
DA:12,0
LF:1
LH:0
BRF:0
BRH:0
end_of_record
TN:
SF:D:\NodeJS projects\the-teachers\the-teachers\client\src\components\Product\Products.vue
FN:40,data
FN:45,created
FN:46,(anonymous_4)
FN:53,mounted
FN:57,getProducts
FN:58,(anonymous_7)
FN:62,viewProduct
FN:63,(anonymous_9)
FNF:8
FNH:0
FNDA:0,data
FNDA:0,created
FNDA:0,(anonymous_4)
FNDA:0,mounted
FNDA:0,getProducts
FNDA:0,(anonymous_7)
FNDA:0,viewProduct
FNDA:0,(anonymous_9)
DA:34,0
DA:36,0
DA:41,0
DA:45,0
DA:46,0
DA:47,0
DA:48,0
DA:51,0
DA:54,0
DA:57,0
DA:58,0
DA:59,0
DA:63,0
DA:64,0
LF:14
LH:0
BRDA:47,0,0,0
BRDA:47,0,1,0
BRF:2
BRH:0
end_of_record
TN:
SF:D:\NodeJS projects\the-teachers\the-teachers\client\src\components\Product\newProduct.vue
FN:37,data
FN:45,mounted
FN:49,addProduct
FN:59,getType
FN:60,(anonymous_6)
FNF:5
FNH:0
FNDA:0,data
FNDA:0,mounted
FNDA:0,addProduct
FNDA:0,getType
FNDA:0,(anonymous_6)
DA:31,0
DA:32,0
DA:33,0
DA:38,0
DA:46,0
DA:50,0
DA:56,0
DA:57,0
DA:59,0
DA:60,0
DA:61,0
LF:11
LH:0
BRF:0
BRH:0
end_of_record
TN:
SF:D:\NodeJS projects\the-teachers\the-teachers\client\src\components\Product\viewProduct.vue
FN:15,data
FN:19,created
FN:20,(anonymous_4)
FN:27,deleteProduct
FNF:4
FNH:0
FNDA:0,data
FNDA:0,created
FNDA:0,(anonymous_4)
FNDA:0,deleteProduct
DA:12,0
DA:13,0
DA:16,0
DA:19,0
DA:20,0
DA:21,0
DA:22,0
DA:28,0
DA:29,0
LF:9
LH:0
BRDA:21,0,0,0
BRDA:21,0,1,0
BRDA:28,1,0,0
BRDA:28,1,1,0
BRF:4
BRH:0
end_of_record
TN:
SF:D:\NodeJS projects\the-teachers\the-teachers\client\src\components\ProductType\ProductTypes.vue
FN:27,data
FN:32,mounted
FN:37,getType
FN:38,(anonymous_5)
FNF:4
FNH:0
FNDA:0,data
FNDA:0,mounted
FNDA:0,getType
FNDA:0,(anonymous_5)
DA:24,0
DA:25,0
DA:28,0
DA:33,0
DA:37,0
DA:38,0
DA:39,0
LF:7
LH:0
BRF:0
BRH:0
end_of_record
TN:
SF:D:\NodeJS projects\the-teachers\the-teachers\client\src\eventBus\eventBus.js
FNF:0
FNH:0
DA:1,0
LF:1
LH:0
BRF:0
BRH:0
end_of_record
TN:
SF:D:\NodeJS projects\the-teachers\the-teachers\client\src\services\API.js
FNF:0
FNH:0
DA:1,0
DA:5,0
LF:2
LH:0
BRF:0
BRH:0
end_of_record
TN:
SF:D:\NodeJS projects\the-teachers\the-teachers\client\src\services\ProductService.js
FN:4,fetchProducts
FN:4,addProduct
FN:4,viewProduct
FN:4,deleteProduct
FNF:4
FNH:0
FNDA:0,fetchProducts
FNDA:0,addProduct
FNDA:0,viewProduct
FNDA:0,deleteProduct
DA:1,0
DA:6,0
DA:9,0
DA:12,0
DA:15,0
LF:5
LH:0
BRF:0
BRH:0
end_of_record
TN:
SF:D:\NodeJS projects\the-teachers\the-teachers\client\src\services\ProductTypeService.js
FN:4,fetchTypes
FN:4,addTypes
FNF:2
FNH:0
FNDA:0,fetchTypes
FNDA:0,addTypes
DA:1,0
DA:6,0
DA:9,0
LF:3
LH:0
BRF:0
BRH:0
end_of_record
